++ 3dcalc: AFNI version=AFNI_23.1.10 (Jul 28 2023) [64-bit]
++ Authored by: A cast of thousands
++ Output dataset /outputs/working/pipeline_default-5mm/cpac_sub-NDARAD481FXF_ses-1/_scan_rest/split_151/sub-NDARAD481FXF_task-rest_bold_resample_calc_tshift_0.nii.gz
++ 3dcalc: AFNI version=AFNI_23.1.10 (Jul 28 2023) [64-bit]
++ Authored by: A cast of thousands
++ Output dataset /outputs/working/pipeline_default-5mm/cpac_sub-NDARAD481FXF_ses-1/_scan_rest/split_151/sub-NDARAD481FXF_task-rest_bold_resample_calc_tshift_1.nii.gz
++ 3dcalc: AFNI version=AFNI_23.1.10 (Jul 28 2023) [64-bit]
++ Authored by: A cast of thousands
++ Output dataset /outputs/working/pipeline_default-5mm/cpac_sub-NDARAD481FXF_ses-1/_scan_rest/split_151/sub-NDARAD481FXF_task-rest_bold_resample_calc_tshift_2.nii.gz
++ 3dcalc: AFNI version=AFNI_23.1.10 (Jul 28 2023) [64-bit]
++ Authored by: A cast of thousands
++ Output dataset /outputs/working/pipeline_default-5mm/cpac_sub-NDARAD481FXF_ses-1/_scan_rest/split_151/sub-NDARAD481FXF_task-rest_bold_resample_calc_tshift_3.nii.gz
++ 3dcalc: AFNI version=AFNI_23.1.10 (Jul 28 2023) [64-bit]
++ Authored by: A cast of thousands
++ Output dataset /outputs/working/pipeline_default-5mm/cpac_sub-NDARAD481FXF_ses-1/_scan_rest/split_151/sub-NDARAD481FXF_task-rest_bold_resample_calc_tshift_4.nii.gz
++ 3dcalc: AFNI version=AFNI_23.1.10 (Jul 28 2023) [64-bit]
++ Authored by: A cast of thousands
++ Output dataset /outputs/working/pipeline_default-5mm/cpac_sub-NDARAD481FXF_ses-1/_scan_rest/split_151/sub-NDARAD481FXF_task-rest_bold_resample_calc_tshift_5.nii.gz
++ 3dcalc: AFNI version=AFNI_23.1.10 (Jul 28 2023) [64-bit]
++ Authored by: A cast of thousands
++ Output dataset /outputs/working/pipeline_default-5mm/cpac_sub-NDARAD481FXF_ses-1/_scan_rest/split_151/sub-NDARAD481FXF_task-rest_bold_resample_calc_tshift_6.nii.gz
++ 3dcalc: AFNI version=AFNI_23.1.10 (Jul 28 2023) [64-bit]
++ Authored by: A cast of thousands
++ Output dataset /outputs/working/pipeline_default-5mm/cpac_sub-NDARAD481FXF_ses-1/_scan_rest/split_151/sub-NDARAD481FXF_task-rest_bold_resample_calc_tshift_7.nii.gz
++ 3dcalc: AFNI version=AFNI_23.1.10 (Jul 28 2023) [64-bit]
++ Authored by: A cast of thousands
++ Output dataset /outputs/working/pipeline_default-5mm/cpac_sub-NDARAD481FXF_ses-1/_scan_rest/split_151/sub-NDARAD481FXF_task-rest_bold_resample_calc_tshift_8.nii.gz
++ 3dcalc: AFNI version=AFNI_23.1.10 (Jul 28 2023) [64-bit]
++ Authored by: A cast of thousands
++ Output dataset /outputs/working/pipeline_default-5mm/cpac_sub-NDARAD481FXF_ses-1/_scan_rest/split_151/sub-NDARAD481FXF_task-rest_bold_resample_calc_tshift_9.nii.gz
Traceback (most recent call last):
  File "/code/CPAC/pipeline/cpac_pipeline.py", line 575, in run_workflow
    workflow_result = workflow.run(plugin=plugin,
  File "/usr/share/fsl/6.0/lib/python3.10/site-packages/nipype/pipeline/engine/workflows.py", line 638, in run
    runner.run(execgraph, updatehash=updatehash, config=self.config)
  File "/usr/share/fsl/6.0/lib/python3.10/site-packages/nipype/pipeline/plugins/base.py", line 178, in run
    self._clean_queue(jobid, graph, result=result)
  File "/usr/share/fsl/6.0/lib/python3.10/site-packages/nipype/pipeline/plugins/base.py", line 256, in _clean_queue
    raise RuntimeError("".join(result["traceback"]))
RuntimeError: Traceback (most recent call last):
  File "/usr/share/fsl/6.0/lib/python3.10/site-packages/nipype/pipeline/plugins/multiproc.py", line 67, in run_node
    result["result"] = node.run(updatehash=updatehash)
  File "/code/CPAC/pipeline/nipype_pipeline_engine/engine.py", line 428, in run
    return super().run(updatehash)
  File "/usr/share/fsl/6.0/lib/python3.10/site-packages/nipype/pipeline/engine/nodes.py", line 527, in run
    result = self._run_interface(execute=True)
  File "/usr/share/fsl/6.0/lib/python3.10/site-packages/nipype/pipeline/engine/nodes.py", line 645, in _run_interface
    return self._run_command(execute)
  File "/usr/share/fsl/6.0/lib/python3.10/site-packages/nipype/pipeline/engine/nodes.py", line 771, in _run_command
    raise NodeExecutionError(msg)
nipype.pipeline.engine.nodes.NodeExecutionError: Exception raised while executing Node sinker_from-template_to-bold_mode-image_xfm_208.

Traceback:
	Traceback (most recent call last):
	  File "/usr/share/fsl/6.0/lib/python3.10/site-packages/nipype/interfaces/base/core.py", line 400, in run
	    outputs = self.aggregate_outputs(runtime)
	  File "/usr/share/fsl/6.0/lib/python3.10/site-packages/nipype/interfaces/base/core.py", line 429, in aggregate_outputs
	    predicted_outputs = self._list_outputs()  # Predictions from _list_outputs
	  File "/code/CPAC/utils/interfaces/datasink.py", line 582, in _list_outputs
	    copyfile(
	  File "/usr/share/fsl/6.0/lib/python3.10/site-packages/nipype/utils/filemanip.py", line 406, in copyfile
	    os.unlink(newfile)
	FileNotFoundError: [Errno 2] No such file or directory: '/outputs/output/pipeline_default-5mm/sub-NDARAD481FXF/ses-1/func/sub-NDARAD481FXF_ses-1_task-rest_from-template_to-bold_mode-image_xfm.json'


/code/CPAC/utils/monitoring/draw_gantt_chart.py:105: Warning: 'Event logged twice or events started at exact same time!'
  warn(str(KeyError(err_msg)), category=Warning)
